2021-03-26 18:36:16,694 [INFO] Activator:170 - 


2021-03-26 18:36:16,695 [INFO] Activator:171 - !SESSION log4j initialized
2021-03-26 18:36:40,500 [INFO] RetryExec:97 - I/O exception (org.apache.http.NoHttpResponseException) caught when processing request to {s}->https://sw-center.st.com:443: The target server failed to respond
2021-03-26 18:36:40,502 [INFO] RetryExec:113 - Retrying request to {s}->https://sw-center.st.com:443
2021-03-26 18:36:40,920 [INFO] RetryExec:97 - I/O exception (org.apache.http.NoHttpResponseException) caught when processing request to {s}->https://sw-center.st.com:443: The target server failed to respond
2021-03-26 18:36:40,931 [INFO] RetryExec:113 - Retrying request to {s}->https://sw-center.st.com:443
2021-03-26 18:36:41,328 [INFO] RetryExec:97 - I/O exception (org.apache.http.NoHttpResponseException) caught when processing request to {s}->https://sw-center.st.com:443: The target server failed to respond
2021-03-26 18:36:41,328 [INFO] RetryExec:113 - Retrying request to {s}->https://sw-center.st.com:443
2021-03-26 18:36:41,723 [INFO] RetryExec:97 - I/O exception (org.apache.http.NoHttpResponseException) caught when processing request to {s}->https://sw-center.st.com:443: The target server failed to respond
2021-03-26 18:36:41,723 [INFO] RetryExec:113 - Retrying request to {s}->https://sw-center.st.com:443
2021-03-26 18:36:42,153 [INFO] RetryExec:97 - I/O exception (org.apache.http.NoHttpResponseException) caught when processing request to {s}->https://sw-center.st.com:443: The target server failed to respond
2021-03-26 18:36:42,153 [INFO] RetryExec:113 - Retrying request to {s}->https://sw-center.st.com:443
2021-03-26 18:36:42,554 [INFO] RetryExec:97 - I/O exception (org.apache.http.NoHttpResponseException) caught when processing request to {s}->https://sw-center.st.com:443: The target server failed to respond
2021-03-26 18:36:42,555 [INFO] RetryExec:113 - Retrying request to {s}->https://sw-center.st.com:443
2021-03-26 18:36:42,952 [INFO] RetryExec:97 - I/O exception (org.apache.http.NoHttpResponseException) caught when processing request to {s}->https://sw-center.st.com:443: The target server failed to respond
2021-03-26 18:36:42,952 [INFO] RetryExec:113 - Retrying request to {s}->https://sw-center.st.com:443
2021-03-26 18:36:43,370 [INFO] RetryExec:97 - I/O exception (org.apache.http.NoHttpResponseException) caught when processing request to {s}->https://sw-center.st.com:443: The target server failed to respond
2021-03-26 18:36:43,370 [INFO] RetryExec:113 - Retrying request to {s}->https://sw-center.st.com:443
2021-03-26 18:36:43,779 [INFO] RetryExec:97 - I/O exception (org.apache.http.NoHttpResponseException) caught when processing request to {s}->https://sw-center.st.com:443: The target server failed to respond
2021-03-26 18:36:43,779 [INFO] RetryExec:113 - Retrying request to {s}->https://sw-center.st.com:443
2021-03-26 18:36:44,177 [INFO] RetryExec:97 - I/O exception (org.apache.http.NoHttpResponseException) caught when processing request to {s}->https://sw-center.st.com:443: The target server failed to respond
2021-03-26 18:36:44,177 [INFO] RetryExec:113 - Retrying request to {s}->https://sw-center.st.com:443
2021-03-26 18:36:44,614 [INFO] RetryExec:97 - I/O exception (org.apache.http.NoHttpResponseException) caught when processing request to {s}->https://sw-center.st.com:443: The target server failed to respond
2021-03-26 18:36:44,614 [INFO] RetryExec:113 - Retrying request to {s}->https://sw-center.st.com:443
2021-03-26 18:36:45,053 [INFO] RetryExec:97 - I/O exception (org.apache.http.NoHttpResponseException) caught when processing request to {s}->https://sw-center.st.com:443: The target server failed to respond
2021-03-26 18:36:45,053 [INFO] RetryExec:113 - Retrying request to {s}->https://sw-center.st.com:443
2021-03-26 18:36:45,855 [INFO] RetryExec:97 - I/O exception (org.apache.http.NoHttpResponseException) caught when processing request to {s}->https://sw-center.st.com:443: The target server failed to respond
2021-03-26 18:36:45,856 [INFO] RetryExec:113 - Retrying request to {s}->https://sw-center.st.com:443
2021-03-26 18:37:03,370 [INFO] RetryExec:97 - I/O exception (org.apache.http.NoHttpResponseException) caught when processing request to {s}->https://sw-center.st.com:443: The target server failed to respond
2021-03-26 18:37:03,371 [INFO] RetryExec:113 - Retrying request to {s}->https://sw-center.st.com:443
2021-03-26 18:37:03,704 [INFO] RetryExec:97 - I/O exception (org.apache.http.NoHttpResponseException) caught when processing request to {s}->https://sw-center.st.com:443: The target server failed to respond
2021-03-26 18:37:03,705 [INFO] RetryExec:113 - Retrying request to {s}->https://sw-center.st.com:443
2021-03-26 18:37:15,756 [INFO] McuFinderGlobals:39 - Set McuFinder mode to 2 (CubeIDE integrated)
2021-03-26 18:37:15,941 [INFO] ApplicationProperties:181 - Using Application install path: C:\ST\STM32CubeIDE_1.6.0\STM32CubeIDE\plugins\com.st.stm32cube.common.mx_6.2.0.202102191602
2021-03-26 18:37:15,948 [INFO] DbMcusXml:74 - Set database path to: C:\ST\STM32CubeIDE_1.6.0\STM32CubeIDE\plugins\com.st.stm32cube.common.mx_6.2.0.202102191602\\db\/mcu/
2021-03-26 18:37:15,950 [INFO] DbBoardsPdsc:56 - Set plugin database path to: C:\ST\STM32CubeIDE_1.6.0\STM32CubeIDE\plugins\com.st.stm32cube.common.mx_6.2.0.202102191602\\db\/plugins/boardmanager/
2021-03-26 18:37:15,950 [INFO] DbMcus:258 - Set plugin images path to: C:\ST\STM32CubeIDE_1.6.0\STM32CubeIDE\plugins\com.st.stm32cube.common.mx_6.2.0.202102191602\\db\/plugins/mcufinder/images/
2021-03-26 18:37:15,951 [INFO] DbBoards:264 - Set plugin images path to: C:\ST\STM32CubeIDE_1.6.0\STM32CubeIDE\plugins\com.st.stm32cube.common.mx_6.2.0.202102191602\\db\/plugins/mcufinder/images/
2021-03-26 18:37:15,952 [INFO] DbExamples:333 - Set plugin images path to: C:\ST\STM32CubeIDE_1.6.0\STM32CubeIDE\plugins\com.st.stm32cube.common.mx_6.2.0.202102191602\\db\/plugins/mcufinder/images/
2021-03-26 18:37:16,691 [WARN] ApiFinderProperties:104 - C:\Users\jonat\.stmcufinder\plugins\mcufinder\mcu\mcuFinder.mfd doesn't exist
2021-03-26 18:37:16,692 [INFO] DbMcusAds:85 - Set database path to: C:\Users\jonat\.stmcufinder\plugins\mcufinder//mcu/
2021-03-26 18:37:16,693 [INFO] DbMcusDocs:110 - Set database path to: C:\Users\jonat\.stmcufinder\plugins\mcufinder//mcu/
2021-03-26 18:37:16,694 [INFO] DbMcusJson:65 - Set database path to: C:\Users\jonat\.stmcufinder\plugins\mcufinder//mcu/
2021-03-26 18:37:16,695 [INFO] DbBoardsDocs:110 - Set database path to: C:\Users\jonat\.stmcufinder\plugins\mcufinder//mcu/
2021-03-26 18:37:16,695 [INFO] DbBoardsJson:58 - Set database path to: C:\Users\jonat\.stmcufinder\plugins\mcufinder//mcu/
2021-03-26 18:37:16,804 [INFO] CrossReferenceDbSqlite:196 - Set database path to: C:\Users\jonat\.stmcufinder\plugins\mcufinder//mcu/cs/
2021-03-26 18:37:16,807 [INFO] DbExamplesSqlite:690 - Set database path to: C:\Users\jonat\.stmcufinder\plugins\mcufinder//mcu/
2021-03-26 18:37:16,871 [INFO] RulesReader:52 - Compatibility file has been processed (237 Rules)
2021-03-26 18:37:16,976 [INFO] MicroXplorer:622 - Detected Java Version = 11.0.9.1
2021-03-26 18:37:16,977 [INFO] DbMcusXml:74 - Set database path to: C:\ST\STM32CubeIDE_1.6.0\STM32CubeIDE\plugins\com.st.stm32cube.common.mx_6.2.0.202102191602\\db\/mcu/
2021-03-26 18:37:16,977 [INFO] DbBoardsPdsc:56 - Set plugin database path to: C:\ST\STM32CubeIDE_1.6.0\STM32CubeIDE\plugins\com.st.stm32cube.common.mx_6.2.0.202102191602\\db\/plugins/boardmanager/
2021-03-26 18:37:16,977 [INFO] DbMcus:258 - Set plugin images path to: C:\ST\STM32CubeIDE_1.6.0\STM32CubeIDE\plugins\com.st.stm32cube.common.mx_6.2.0.202102191602\\db\/plugins/mcufinder/images/
2021-03-26 18:37:16,977 [INFO] DbBoards:264 - Set plugin images path to: C:\ST\STM32CubeIDE_1.6.0\STM32CubeIDE\plugins\com.st.stm32cube.common.mx_6.2.0.202102191602\\db\/plugins/mcufinder/images/
2021-03-26 18:37:16,977 [INFO] DbExamples:333 - Set plugin images path to: C:\ST\STM32CubeIDE_1.6.0\STM32CubeIDE\plugins\com.st.stm32cube.common.mx_6.2.0.202102191602\\db\/plugins/mcufinder/images/
2021-03-26 18:37:16,977 [WARN] DbFile:35 - Overriding database path with different value: C:\Users\jonat\.stmcufinder\plugins\mcufinder/ => C:\Users\jonat\.stmcufinder\plugins\mcufinder
2021-03-26 18:37:16,977 [INFO] DbMcusAds:85 - Set database path to: C:\Users\jonat\.stmcufinder\plugins\mcufinder//mcu/
2021-03-26 18:37:16,977 [WARN] DbFile:35 - Overriding database path with different value: C:\Users\jonat\.stmcufinder\plugins\mcufinder/ => C:\Users\jonat\.stmcufinder\plugins\mcufinder
2021-03-26 18:37:16,978 [INFO] DbMcusDocs:110 - Set database path to: C:\Users\jonat\.stmcufinder\plugins\mcufinder//mcu/
2021-03-26 18:37:16,978 [WARN] DbFile:35 - Overriding database path with different value: C:\Users\jonat\.stmcufinder\plugins\mcufinder/ => C:\Users\jonat\.stmcufinder\plugins\mcufinder
2021-03-26 18:37:16,978 [INFO] DbMcusJson:65 - Set database path to: C:\Users\jonat\.stmcufinder\plugins\mcufinder//mcu/
2021-03-26 18:37:16,978 [WARN] DbFile:35 - Overriding database path with different value: C:\Users\jonat\.stmcufinder\plugins\mcufinder/ => C:\Users\jonat\.stmcufinder\plugins\mcufinder
2021-03-26 18:37:16,978 [INFO] DbBoardsDocs:110 - Set database path to: C:\Users\jonat\.stmcufinder\plugins\mcufinder//mcu/
2021-03-26 18:37:16,978 [WARN] DbFile:35 - Overriding database path with different value: C:\Users\jonat\.stmcufinder\plugins\mcufinder/ => C:\Users\jonat\.stmcufinder\plugins\mcufinder
2021-03-26 18:37:16,978 [INFO] DbBoardsJson:58 - Set database path to: C:\Users\jonat\.stmcufinder\plugins\mcufinder//mcu/
2021-03-26 18:37:16,978 [WARN] DbFile:35 - Overriding database path with different value: C:\Users\jonat\.stmcufinder\plugins\mcufinder/ => C:\Users\jonat\.stmcufinder\plugins\mcufinder
2021-03-26 18:37:16,978 [WARN] DbFile:35 - Overriding database path with different value: C:\Users\jonat\.stmcufinder\plugins\mcufinder/ => C:\Users\jonat\.stmcufinder\plugins\mcufinder
2021-03-26 18:37:16,978 [INFO] CrossReferenceDbSqlite:196 - Set database path to: C:\Users\jonat\.stmcufinder\plugins\mcufinder//mcu/cs/
2021-03-26 18:37:16,978 [WARN] DbFile:35 - Overriding database path with different value: C:\Users\jonat\.stmcufinder\plugins\mcufinder/ => C:\Users\jonat\.stmcufinder\plugins\mcufinder
2021-03-26 18:37:16,979 [INFO] DbExamplesSqlite:690 - Set database path to: C:\Users\jonat\.stmcufinder\plugins\mcufinder//mcu/
2021-03-26 18:37:17,044 [INFO] MainPanel:204 - HeapMemory: 341835776
2021-03-26 18:37:17,084 [INFO] DbMcusXml:74 - Set database path to: C:\ST\STM32CubeIDE_1.6.0\STM32CubeIDE\plugins\com.st.stm32cube.common.mx_6.2.0.202102191602\\db\/mcu/
2021-03-26 18:37:17,084 [INFO] DbBoardsPdsc:56 - Set plugin database path to: C:\ST\STM32CubeIDE_1.6.0\STM32CubeIDE\plugins\com.st.stm32cube.common.mx_6.2.0.202102191602\\db\/plugins/boardmanager/
2021-03-26 18:37:17,084 [INFO] DbMcus:258 - Set plugin images path to: C:\ST\STM32CubeIDE_1.6.0\STM32CubeIDE\plugins\com.st.stm32cube.common.mx_6.2.0.202102191602\\db\/plugins/mcufinder/images/
2021-03-26 18:37:17,085 [INFO] DbBoards:264 - Set plugin images path to: C:\ST\STM32CubeIDE_1.6.0\STM32CubeIDE\plugins\com.st.stm32cube.common.mx_6.2.0.202102191602\\db\/plugins/mcufinder/images/
2021-03-26 18:37:17,085 [INFO] DbExamples:333 - Set plugin images path to: C:\ST\STM32CubeIDE_1.6.0\STM32CubeIDE\plugins\com.st.stm32cube.common.mx_6.2.0.202102191602\\db\/plugins/mcufinder/images/
2021-03-26 18:37:17,085 [WARN] DbFile:35 - Overriding database path with different value: C:\Users\jonat\.stmcufinder\plugins\mcufinder/ => C:\Users\jonat\.stmcufinder\plugins\mcufinder
2021-03-26 18:37:17,085 [INFO] DbMcusAds:85 - Set database path to: C:\Users\jonat\.stmcufinder\plugins\mcufinder//mcu/
2021-03-26 18:37:17,085 [WARN] DbFile:35 - Overriding database path with different value: C:\Users\jonat\.stmcufinder\plugins\mcufinder/ => C:\Users\jonat\.stmcufinder\plugins\mcufinder
2021-03-26 18:37:17,085 [INFO] DbMcusDocs:110 - Set database path to: C:\Users\jonat\.stmcufinder\plugins\mcufinder//mcu/
2021-03-26 18:37:17,085 [WARN] DbFile:35 - Overriding database path with different value: C:\Users\jonat\.stmcufinder\plugins\mcufinder/ => C:\Users\jonat\.stmcufinder\plugins\mcufinder
2021-03-26 18:37:17,085 [INFO] DbMcusJson:65 - Set database path to: C:\Users\jonat\.stmcufinder\plugins\mcufinder//mcu/
2021-03-26 18:37:17,085 [WARN] DbFile:35 - Overriding database path with different value: C:\Users\jonat\.stmcufinder\plugins\mcufinder/ => C:\Users\jonat\.stmcufinder\plugins\mcufinder
2021-03-26 18:37:17,085 [INFO] DbBoardsDocs:110 - Set database path to: C:\Users\jonat\.stmcufinder\plugins\mcufinder//mcu/
2021-03-26 18:37:17,086 [WARN] DbFile:35 - Overriding database path with different value: C:\Users\jonat\.stmcufinder\plugins\mcufinder/ => C:\Users\jonat\.stmcufinder\plugins\mcufinder
2021-03-26 18:37:17,086 [INFO] DbBoardsJson:58 - Set database path to: C:\Users\jonat\.stmcufinder\plugins\mcufinder//mcu/
2021-03-26 18:37:17,086 [WARN] DbFile:35 - Overriding database path with different value: C:\Users\jonat\.stmcufinder\plugins\mcufinder/ => C:\Users\jonat\.stmcufinder\plugins\mcufinder
2021-03-26 18:37:17,086 [WARN] DbFile:35 - Overriding database path with different value: C:\Users\jonat\.stmcufinder\plugins\mcufinder/ => C:\Users\jonat\.stmcufinder\plugins\mcufinder
2021-03-26 18:37:17,086 [INFO] CrossReferenceDbSqlite:196 - Set database path to: C:\Users\jonat\.stmcufinder\plugins\mcufinder//mcu/cs/
2021-03-26 18:37:17,086 [WARN] DbFile:35 - Overriding database path with different value: C:\Users\jonat\.stmcufinder\plugins\mcufinder/ => C:\Users\jonat\.stmcufinder\plugins\mcufinder
2021-03-26 18:37:17,086 [INFO] DbExamplesSqlite:690 - Set database path to: C:\Users\jonat\.stmcufinder\plugins\mcufinder//mcu/
2021-03-26 18:37:17,101 [INFO] ApplicationProperties:181 - Using Application install path: C:\ST\STM32CubeIDE_1.6.0\STM32CubeIDE\plugins\com.st.stm32cube.common.mx_6.2.0.202102191602
2021-03-26 18:37:17,102 [INFO] PluginManage:178 - Search for loadable plugins [exclusion list=, ]
2021-03-26 18:37:17,103 [INFO] PluginManage:292 - Check plugin analytics
2021-03-26 18:37:17,226 [INFO] AnalyticsPlugin:233 - Accepted Software Licenses: 
2021-03-26 18:37:17,226 [INFO] AnalyticsPlugin:235 - Accepted CMSIS Pack Licenses: 
2021-03-26 18:37:17,226 [INFO] AnalyticsPlugin:237 - Accepted Firmware Licenses: 
2021-03-26 18:37:17,227 [INFO] PluginManage:342 - Loaded plugin analytics (category:tool,tabindex:-1)
2021-03-26 18:37:17,227 [INFO] PluginManage:292 - Check plugin clock
2021-03-26 18:37:17,234 [INFO] PluginManage:342 - Loaded plugin clock (category:base,tabindex:2)
2021-03-26 18:37:17,234 [INFO] PluginManage:292 - Check plugin ddr
2021-03-26 18:37:17,236 [INFO] PluginManage:342 - Loaded plugin ddr (category:tool,tabindex:6)
2021-03-26 18:37:17,236 [INFO] PluginManage:292 - Check plugin filemanager
2021-03-26 18:37:17,309 [INFO] PluginManage:342 - Loaded plugin filemanager (category:base,tabindex:10)
2021-03-26 18:37:17,309 [INFO] PluginManage:292 - Check plugin ipmanager
2021-03-26 18:37:17,321 [INFO] PluginManage:342 - Loaded plugin ipmanager (category:base,tabindex:5)
2021-03-26 18:37:17,321 [INFO] PluginManage:292 - Check plugin pinoutandconfiguration
2021-03-26 18:37:17,326 [INFO] PluginManage:342 - Loaded plugin pinoutandconfiguration (category:base,tabindex:1)
2021-03-26 18:37:17,327 [INFO] PluginManage:292 - Check plugin pinoutconfig
2021-03-26 18:37:17,350 [INFO] PluginManage:342 - Loaded plugin pinoutconfig (category:base,tabindex:0)
2021-03-26 18:37:17,351 [INFO] PluginManage:292 - Check plugin power
2021-03-26 18:37:17,357 [INFO] PluginManage:342 - Loaded plugin power (category:power,tabindex:4)
2021-03-26 18:37:17,357 [INFO] PluginManage:292 - Check plugin projectmanager
2021-03-26 18:37:17,368 [INFO] PluginManage:342 - Loaded plugin projectmanager (category:projectmanager,tabindex:3)
2021-03-26 18:37:17,368 [INFO] PluginManage:292 - Check plugin thirdparty
2021-03-26 18:37:17,441 [INFO] PluginManage:342 - Loaded plugin thirdparty (category:base,tabindex:-1)
2021-03-26 18:37:17,441 [INFO] PluginManage:292 - Check plugin tools
2021-03-26 18:37:17,442 [WARN] IntegrityCheckThread:59 - waiting for thirdparty lock release [integrity check]
2021-03-26 18:37:17,442 [INFO] IntegrityCheckThread:61 - entering critical section [integrity check]
2021-03-26 18:37:17,442 [INFO] ThirdPartyUpdaterWithRetryManager:56 - Updater plugin not ready yet. [1/15]
2021-03-26 18:37:17,444 [INFO] PluginManage:342 - Loaded plugin tools (category:base,tabindex:7)
2021-03-26 18:37:17,444 [INFO] PluginManage:292 - Check plugin tutovideos
2021-03-26 18:37:17,592 [INFO] PluginManage:342 - Loaded plugin tutovideos (category:base,tabindex:-1)
2021-03-26 18:37:17,592 [INFO] PluginManage:292 - Check plugin updater
2021-03-26 18:37:17,600 [INFO] PluginManage:342 - Loaded plugin updater (category:base,tabindex:12)
2021-03-26 18:37:17,600 [INFO] PluginManage:265 - PluginManage : Loaded plugins [13]
2021-03-26 18:37:17,775 [INFO] PinOutPanel:1435 - setPackage(No Configuration,No Configuration)
2021-03-26 18:37:17,870 [INFO] IPUIPlugin:64 - create IPUIPlugin
2021-03-26 18:37:17,870 [INFO] PluginManager:203 - loadIPPluginJar : add adc
2021-03-26 18:37:17,871 [INFO] IPUIPlugin:64 - create IPUIPlugin
2021-03-26 18:37:17,871 [INFO] PluginManager:203 - loadIPPluginJar : add aes
2021-03-26 18:37:17,873 [INFO] IPUIPlugin:64 - create IPUIPlugin
2021-03-26 18:37:17,873 [INFO] PluginManager:203 - loadIPPluginJar : add can
2021-03-26 18:37:17,874 [INFO] IPUIPlugin:64 - create IPUIPlugin
2021-03-26 18:37:17,874 [INFO] PluginManager:203 - loadIPPluginJar : add comp
2021-03-26 18:37:17,875 [INFO] IPUIPlugin:64 - create IPUIPlugin
2021-03-26 18:37:17,875 [INFO] PluginManager:203 - loadIPPluginJar : add cryp
2021-03-26 18:37:17,877 [INFO] IPUIPlugin:64 - create IPUIPlugin
2021-03-26 18:37:17,877 [INFO] PluginManager:203 - loadIPPluginJar : add dfsdm
2021-03-26 18:37:17,880 [INFO] IPUIPlugin:64 - create IPUIPlugin
2021-03-26 18:37:17,880 [INFO] PluginManager:203 - loadIPPluginJar : add dma
2021-03-26 18:37:17,885 [INFO] IPUIPlugin:64 - create IPUIPlugin
2021-03-26 18:37:17,885 [INFO] PluginManager:203 - loadIPPluginJar : add fatfs
2021-03-26 18:37:17,889 [INFO] IPUIPlugin:64 - create IPUIPlugin
2021-03-26 18:37:17,889 [INFO] PluginManager:203 - loadIPPluginJar : add fmc
2021-03-26 18:37:17,892 [INFO] IPUIPlugin:64 - create IPUIPlugin
2021-03-26 18:37:17,892 [INFO] PluginManager:203 - loadIPPluginJar : add freertos
2021-03-26 18:37:17,893 [INFO] IPUIPlugin:64 - create IPUIPlugin
2021-03-26 18:37:17,893 [INFO] PluginManager:203 - loadIPPluginJar : add genericplugin
2021-03-26 18:37:17,895 [INFO] IPUIPlugin:64 - create IPUIPlugin
2021-03-26 18:37:17,895 [INFO] PluginManager:203 - loadIPPluginJar : add gfxmmu
2021-03-26 18:37:17,898 [INFO] IPUIPlugin:64 - create IPUIPlugin
2021-03-26 18:37:17,898 [INFO] PluginManager:203 - loadIPPluginJar : add gic
2021-03-26 18:37:17,900 [INFO] IPUIPlugin:64 - create IPUIPlugin
2021-03-26 18:37:17,901 [INFO] PluginManager:203 - loadIPPluginJar : add gpio
2021-03-26 18:37:17,902 [INFO] IPUIPlugin:64 - create IPUIPlugin
2021-03-26 18:37:17,902 [INFO] PluginManager:203 - loadIPPluginJar : add gtzc
2021-03-26 18:37:17,903 [INFO] IPUIPlugin:64 - create IPUIPlugin
2021-03-26 18:37:17,903 [INFO] PluginManager:203 - loadIPPluginJar : add hash
2021-03-26 18:37:17,905 [INFO] IPUIPlugin:64 - create IPUIPlugin
2021-03-26 18:37:17,905 [INFO] PluginManager:203 - loadIPPluginJar : add i2c
2021-03-26 18:37:17,906 [INFO] IPUIPlugin:64 - create IPUIPlugin
2021-03-26 18:37:17,907 [INFO] PluginManager:203 - loadIPPluginJar : add i2s
2021-03-26 18:37:17,908 [INFO] IPUIPlugin:64 - create IPUIPlugin
2021-03-26 18:37:17,908 [INFO] PluginManager:203 - loadIPPluginJar : add ipddr
2021-03-26 18:37:17,910 [INFO] IPUIPlugin:64 - create IPUIPlugin
2021-03-26 18:37:17,910 [INFO] PluginManager:203 - loadIPPluginJar : add lorawan
2021-03-26 18:37:17,911 [INFO] IPUIPlugin:64 - create IPUIPlugin
2021-03-26 18:37:17,911 [INFO] PluginManager:203 - loadIPPluginJar : add ltdc
2021-03-26 18:37:17,913 [INFO] IPUIPlugin:64 - create IPUIPlugin
2021-03-26 18:37:17,913 [INFO] PluginManager:203 - loadIPPluginJar : add mdma
2021-03-26 18:37:17,915 [INFO] IPUIPlugin:64 - create IPUIPlugin
2021-03-26 18:37:17,915 [INFO] PluginManager:203 - loadIPPluginJar : add nvic
2021-03-26 18:37:17,917 [INFO] IPUIPlugin:64 - create IPUIPlugin
2021-03-26 18:37:17,917 [INFO] PluginManager:203 - loadIPPluginJar : add opamp
2021-03-26 18:37:17,919 [INFO] IPUIPlugin:64 - create IPUIPlugin
2021-03-26 18:37:17,919 [INFO] PluginManager:203 - loadIPPluginJar : add openamp
2021-03-26 18:37:17,921 [INFO] IPUIPlugin:64 - create IPUIPlugin
2021-03-26 18:37:17,921 [INFO] PluginManager:203 - loadIPPluginJar : add pdm2pcm
2021-03-26 18:37:17,925 [INFO] IPUIPlugin:64 - create IPUIPlugin
2021-03-26 18:37:17,926 [INFO] PluginManager:203 - loadIPPluginJar : add plateformsettings
2021-03-26 18:37:17,927 [INFO] IPUIPlugin:64 - create IPUIPlugin
2021-03-26 18:37:17,927 [INFO] PluginManager:203 - loadIPPluginJar : add quadspi
2021-03-26 18:37:17,929 [INFO] IPUIPlugin:64 - create IPUIPlugin
2021-03-26 18:37:17,929 [INFO] PluginManager:203 - loadIPPluginJar : add resmgrutility
2021-03-26 18:37:17,931 [INFO] IPUIPlugin:64 - create IPUIPlugin
2021-03-26 18:37:17,931 [INFO] PluginManager:203 - loadIPPluginJar : add sai
2021-03-26 18:37:17,933 [INFO] IPUIPlugin:64 - create IPUIPlugin
2021-03-26 18:37:17,933 [INFO] PluginManager:203 - loadIPPluginJar : add spi
2021-03-26 18:37:17,935 [INFO] IPUIPlugin:64 - create IPUIPlugin
2021-03-26 18:37:17,935 [INFO] PluginManager:203 - loadIPPluginJar : add stm32_wpan
2021-03-26 18:37:17,936 [INFO] IPUIPlugin:64 - create IPUIPlugin
2021-03-26 18:37:17,936 [INFO] PluginManager:203 - loadIPPluginJar : add tim
2021-03-26 18:37:17,938 [INFO] IPUIPlugin:64 - create IPUIPlugin
2021-03-26 18:37:17,938 [INFO] PluginManager:203 - loadIPPluginJar : add touchsensing
2021-03-26 18:37:17,939 [INFO] IPUIPlugin:64 - create IPUIPlugin
2021-03-26 18:37:17,939 [INFO] PluginManager:203 - loadIPPluginJar : add tracer_emb
2021-03-26 18:37:17,941 [INFO] IPUIPlugin:64 - create IPUIPlugin
2021-03-26 18:37:17,941 [INFO] PluginManager:203 - loadIPPluginJar : add ts
2021-03-26 18:37:17,941 [INFO] IPUIPlugin:64 - create IPUIPlugin
2021-03-26 18:37:17,942 [INFO] PluginManager:203 - loadIPPluginJar : add tsc
2021-03-26 18:37:17,943 [INFO] IPUIPlugin:64 - create IPUIPlugin
2021-03-26 18:37:17,943 [INFO] PluginManager:203 - loadIPPluginJar : add ucpd
2021-03-26 18:37:17,944 [INFO] IPUIPlugin:64 - create IPUIPlugin
2021-03-26 18:37:17,944 [INFO] PluginManager:203 - loadIPPluginJar : add usart
2021-03-26 18:37:18,183 [FATAL] Updater:284 - Updater called before beeing initialized
2021-03-26 18:37:18,280 [FATAL] Updater:284 - Updater called before beeing initialized
2021-03-26 18:37:18,283 [INFO] DbMcusAds:132 - JSON generation date=Thu Feb 11 15:55:24 CET 2021 (1613055324029)
2021-03-26 18:37:18,283 [FATAL] Updater:284 - Updater called before beeing initialized
2021-03-26 18:37:18,314 [WARN] DetailPanel:315 - Failed to get advertising image, set to default
2021-03-26 18:37:18,498 [FATAL] Updater:284 - Updater called before beeing initialized
2021-03-26 18:37:18,499 [FATAL] Updater:284 - Updater called before beeing initialized
2021-03-26 18:37:18,499 [FATAL] Updater:284 - Updater called before beeing initialized
2021-03-26 18:37:18,499 [WARN] DetailPanel:315 - Failed to get advertising image, set to default
2021-03-26 18:37:18,500 [FATAL] Updater:284 - Updater called before beeing initialized
2021-03-26 18:37:18,540 [FATAL] Updater:284 - Updater called before beeing initialized
2021-03-26 18:37:18,541 [WARN] ThirdParty:796 - waiting for thirdparty lock release [close project]
2021-03-26 18:37:20,443 [INFO] ThirdPartyUpdaterWithRetryManager:56 - Updater plugin not ready yet. [2/15]
2021-03-26 18:37:23,443 [FATAL] Updater:284 - Updater called before beeing initialized
2021-03-26 18:37:23,443 [ERROR] AbstractThirdPartyUpdaterManager:153 - class java.lang.Integer cannot be cast to class java.util.List (java.lang.Integer and java.util.List are in module java.base of loader 'bootstrap')
2021-03-26 18:37:23,443 [INFO] ThirdParty:900 - Integrity check success = false
2021-03-26 18:37:23,443 [INFO] IntegrityCheckThread:75 - exiting critical section [integrity check]
2021-03-26 18:37:23,443 [INFO] IntegrityCheckThread:78 - End integrity checks thread
2021-03-26 18:37:23,443 [INFO] ThirdParty:798 - entering critical section [close project]
2021-03-26 18:37:23,444 [INFO] ThirdParty:809 - exiting critical section [close project]
2021-03-26 18:37:23,446 [INFO] PinOutPanel:1435 - setPackage(No Configuration,No Configuration)
2021-03-26 18:37:23,447 [FATAL] Updater:284 - Updater called before beeing initialized
2021-03-26 18:37:23,452 [INFO] Updater:1002 - Updater Version found : 6.2.0
2021-03-26 18:37:23,464 [INFO] ApplicationProperties:181 - Using Application install path: C:\ST\STM32CubeIDE_1.6.0\STM32CubeIDE\plugins\com.st.stm32cube.common.mx_6.2.0.202102191602
2021-03-26 18:37:23,489 [INFO] MainUpdater:479 - Copy updater definitions from MX database
2021-03-26 18:37:23,513 [INFO] MainUpdater:512 - Copy flag file definitions from MX database
2021-03-26 18:37:23,514 [INFO] MainUpdater:528 - Copy thirdparty index definitions from MX database
2021-03-26 18:37:23,515 [INFO] MainUpdater:547 - Copy default thirdparty db definitions from MX database
2021-03-26 18:37:23,548 [INFO] MainUpdater:2661 - connection check result : 10
2021-03-26 18:37:23,549 [INFO] MainUpdater:3349 - Updater definition file requires update
2021-03-26 18:37:23,549 [INFO] MainUpdater:255 - Updater Check For Update Now.
2021-03-26 18:37:23,549 [INFO] MicroXplorer:472 - Change Database Version : DB.6.0.20
2021-03-26 18:37:23,562 [INFO] ServerAccessManage:348 - Download File updaters.zip
2021-03-26 18:37:23,601 [INFO] FileExtend:225 - Unzip File : updaters.zip
2021-03-26 18:37:23,601 [INFO] FileExtend:240 - Standard Zip Deflate
2021-03-26 18:37:24,776 [INFO] ServerAccessManage:348 - Download File PacksControlFlags.xml
2021-03-26 18:37:24,812 [INFO] ServerAccessManage:348 - Download File cubemx.pidx
2021-03-26 18:37:24,897 [INFO] ServerAccessManage:348 - Download File STMicroelectronics.X-CUBE-AI.pdsc
2021-03-26 18:37:25,009 [INFO] ServerAccessManage:348 - Download File STMicroelectronics.X-CUBE-BLE1.pdsc
2021-03-26 18:37:25,210 [ERROR] ServerAccessManage:947 - Problem, file not found on Server
2021-03-26 18:37:25,228 [INFO] ServerAccessManage:348 - Download File STMicroelectronics.X-CUBE-BLE2.pdsc
2021-03-26 18:37:25,337 [INFO] ServerAccessManage:348 - Download File STMicroelectronics.X-CUBE-DISPLAY.pdsc
2021-03-26 18:37:25,376 [INFO] ServerAccessManage:348 - Download File STMicroelectronics.X-CUBE-EEPRMA1.pdsc
2021-03-26 18:37:25,419 [INFO] ServerAccessManage:348 - Download File STMicroelectronics.X-CUBE-GNSS1.pdsc
2021-03-26 18:37:25,596 [ERROR] ServerAccessManage:947 - Problem, file not found on Server
2021-03-26 18:37:25,661 [ERROR] ServerAccessManage:947 - Problem, file not found on Server
2021-03-26 18:37:25,718 [ERROR] ServerAccessManage:947 - Problem, file not found on Server
2021-03-26 18:37:25,807 [ERROR] ServerAccessManage:947 - Problem, file not found on Server
2021-03-26 18:37:25,863 [ERROR] ServerAccessManage:947 - Problem, file not found on Server
2021-03-26 18:37:25,954 [ERROR] ServerAccessManage:947 - Problem, file not found on Server
2021-03-26 18:37:25,969 [INFO] ServerAccessManage:348 - Download File STMicroelectronics.X-CUBE-MEMS1.pdsc
2021-03-26 18:37:26,192 [INFO] ServerAccessManage:348 - Download File STMicroelectronics.X-CUBE-NFC4.pdsc
2021-03-26 18:37:26,311 [INFO] ServerAccessManage:348 - Download File STMicroelectronics.X-CUBE-SFXS2LP1.pdsc
2021-03-26 18:37:26,353 [INFO] ServerAccessManage:348 - Download File STMicroelectronics.X-CUBE-SUBG2.pdsc
2021-03-26 18:37:26,456 [INFO] ServerAccessManage:348 - Download File STMicroelectronics.X-CUBE-TOUCHGFX.pdsc
2021-03-26 18:37:26,518 [INFO] ServerAccessManage:348 - Download File STMicroelectronics.X-CUBE-ALGOBUILD.pdsc
2021-03-26 18:37:26,572 [INFO] ServerAccessManage:348 - Download File STMicroelectronics.X-CUBE-AZRTOS-H7.pdsc
2021-03-26 18:37:27,387 [INFO] ServerAccessManage:348 - Download File wolfSSL.I-CUBE-wolfSSL.pdsc
2021-03-26 18:37:29,724 [ERROR] ServerAccessManage:947 - Problem, file not found on Server
2021-03-26 18:37:30,624 [ERROR] ServerAccessManage:947 - Problem, file not found on Server
2021-03-26 18:37:31,511 [ERROR] ServerAccessManage:947 - Problem, file not found on Server
2021-03-26 18:37:32,108 [INFO] ServerAccessManage:348 - Download File RoweBots.I-CUBE-UNISONRTOS.pdsc
2021-03-26 18:37:33,581 [INFO] MainUpdater:2661 - connection check result : 10
2021-03-26 18:37:33,865 [ERROR] ServerAccessManage:947 - Problem, file not found on Server
2021-03-26 18:37:35,026 [ERROR] ServerAccessManage:947 - Problem, file not found on Server
2021-03-26 18:37:36,132 [ERROR] ServerAccessManage:947 - Problem, file not found on Server
2021-03-26 18:37:37,232 [ERROR] ServerAccessManage:947 - Problem, file not found on Server
2021-03-26 18:37:37,271 [WARN] PackLoader:226 - Cannot read IP mode file for STMicroelectronics.X-CUBE-AI.6.0.0
2021-03-26 18:37:37,277 [INFO] CheckServerUpdateThread:102 - End of CheckServer Thread
2021-03-26 18:37:37,277 [WARN] PackLoader:226 - Cannot read IP mode file for STMicroelectronics.X-CUBE-BLE1.6.1.0
2021-03-26 18:37:37,282 [WARN] PackLoader:226 - Cannot read IP mode file for STMicroelectronics.X-CUBE-BLE2.3.2.0
2021-03-26 18:37:37,287 [WARN] PackLoader:226 - Cannot read IP mode file for STMicroelectronics.X-CUBE-DISPLAY.1.0.0
2021-03-26 18:37:37,293 [WARN] PackLoader:226 - Cannot read IP mode file for STMicroelectronics.X-CUBE-EEPRMA1.3.0.0
2021-03-26 18:37:37,299 [WARN] PackLoader:226 - Cannot read IP mode file for STMicroelectronics.X-CUBE-GNSS1.5.2.0
2021-03-26 18:37:37,339 [WARN] PackLoader:226 - Cannot read IP mode file for STMicroelectronics.X-CUBE-MEMS1.8.2.0
2021-03-26 18:37:37,427 [INFO] CrossSelectorPresenter:1330 - Cross Selector saved comparison directory: C:\Users\jonat\.stmcufinder\plugins\mcufinder\mcu\cs_comparisons_mx
2021-03-26 18:37:37,430 [INFO] MultiScanPanel:200 - Auto-refresh data requested => check proxy status ongoing
2021-03-26 18:37:37,432 [INFO] FinderPluginLoader:87 - Searching for filters in installed packs
2021-03-26 18:37:37,432 [INFO] DbMcusXml:100 - Load MCU database from C:\ST\STM32CubeIDE_1.6.0\STM32CubeIDE\plugins\com.st.stm32cube.common.mx_6.2.0.202102191602\\db\/mcu/families.xml
2021-03-26 18:37:37,438 [WARN] PackLoader:226 - Cannot read IP mode file for STMicroelectronics.X-CUBE-NFC4.2.0.2
2021-03-26 18:37:37,444 [WARN] PackLoader:226 - Cannot read IP mode file for STMicroelectronics.X-CUBE-SFXS2LP1.3.0.0
2021-03-26 18:37:37,452 [WARN] PackLoader:226 - Cannot read IP mode file for STMicroelectronics.X-CUBE-SUBG2.4.0.0
2021-03-26 18:37:37,457 [WARN] PackLoader:226 - Cannot read IP mode file for STMicroelectronics.X-CUBE-TOUCHGFX.4.16.1
2021-03-26 18:37:37,461 [WARN] PackLoader:226 - Cannot read IP mode file for STMicroelectronics.X-CUBE-ALGOBUILD.1.2.0
2021-03-26 18:37:37,477 [WARN] PackLoader:226 - Cannot read IP mode file for STMicroelectronics.X-CUBE-AZRTOS-H7.1.0.0
2021-03-26 18:37:37,483 [WARN] PackLoader:226 - Cannot read IP mode file for wolfSSL.I-CUBE-wolfSSL.4.7.0
2021-03-26 18:37:37,488 [WARN] PackLoader:226 - Cannot read IP mode file for RoweBots.I-CUBE-UNISONRTOS.5.5.0-4
2021-03-26 18:37:37,488 [INFO] PopulateThirdPartyThread:50 - Ending populate Thread
2021-03-26 18:37:37,489 [INFO] ThirdParty:952 - CMSIS Pack Vendor :RoweBots I-CUBE-UNISONRTOS 5.5.0-4
2021-03-26 18:37:37,489 [INFO] ThirdParty:952 - CMSIS Pack Vendor :STMicroelectronics X-CUBE-SFXS2LP1 3.0.0
2021-03-26 18:37:37,489 [INFO] ThirdParty:952 - CMSIS Pack Vendor :STMicroelectronics X-CUBE-MEMS1 8.2.0
2021-03-26 18:37:37,490 [INFO] ThirdParty:952 - CMSIS Pack Vendor :STMicroelectronics X-CUBE-EEPRMA1 3.0.0
2021-03-26 18:37:37,490 [INFO] ThirdParty:952 - CMSIS Pack Vendor :STMicroelectronics X-CUBE-DISPLAY 1.0.0
2021-03-26 18:37:37,490 [INFO] ThirdParty:952 - CMSIS Pack Vendor :STMicroelectronics X-CUBE-AI 6.0.0
2021-03-26 18:37:37,490 [INFO] ThirdParty:952 - CMSIS Pack Vendor :STMicroelectronics X-CUBE-ALGOBUILD 1.2.0
2021-03-26 18:37:37,490 [INFO] ThirdParty:952 - CMSIS Pack Vendor :STMicroelectronics X-CUBE-GNSS1 5.2.0
2021-03-26 18:37:37,490 [INFO] ThirdParty:952 - CMSIS Pack Vendor :STMicroelectronics X-CUBE-BLE1 6.1.0
2021-03-26 18:37:37,490 [INFO] ThirdParty:952 - CMSIS Pack Vendor :STMicroelectronics X-CUBE-SUBG2 4.0.0
2021-03-26 18:37:37,490 [INFO] ThirdParty:952 - CMSIS Pack Vendor :STMicroelectronics X-CUBE-NFC4 2.0.2
2021-03-26 18:37:37,490 [INFO] ThirdParty:952 - CMSIS Pack Vendor :STMicroelectronics X-CUBE-TOUCHGFX 4.16.1
2021-03-26 18:37:37,490 [INFO] ThirdParty:952 - CMSIS Pack Vendor :STMicroelectronics X-CUBE-AZRTOS-H7 1.0.0
2021-03-26 18:37:37,490 [INFO] ThirdParty:952 - CMSIS Pack Vendor :wolfSSL I-CUBE-wolfSSL 4.7.0
2021-03-26 18:37:37,490 [INFO] ThirdParty:952 - CMSIS Pack Vendor :STMicroelectronics X-CUBE-BLE2 3.2.0
2021-03-26 18:37:37,490 [INFO] LoadServerUpdatesThread:329 - End of LoadServerUpdate Thread
2021-03-26 18:37:37,884 [INFO] DbMcusJson:94 - JSON generation date=Mon Feb 08 14:35:07 CET 2021 (1612791307)
2021-03-26 18:37:38,286 [INFO] DbMcus:175 - Found 1906 MCUs (1866 are supported by CubeMX, 1866 are visible in CubeMX)
2021-03-26 18:37:38,287 [INFO] ApiDb:242 - User favorites file not found: C:\Users\jonat/.stm32cubeide/favorites.mcus.txt
2021-03-26 18:37:38,287 [INFO] DbMcus:187 - Set 0 / 0 favorites MCUs
2021-03-26 18:37:38,607 [WARN] DetailPanel:315 - Failed to get advertising image, set to default
2021-03-26 18:37:38,895 [INFO] DbBoardsPdsc:90 - Found 24 items
2021-03-26 18:37:38,896 [INFO] DbBoardsPdsc:90 - Found 9 items
2021-03-26 18:37:38,898 [INFO] DbBoardsPdsc:90 - Found 33 items
2021-03-26 18:37:38,899 [INFO] DbBoardsPdsc:90 - Found 1 items
2021-03-26 18:37:38,903 [INFO] DbBoardsPdsc:90 - Found 46 items
2021-03-26 18:37:38,907 [INFO] DbBoardsPdsc:90 - Found 41 items
2021-03-26 18:37:38,908 [INFO] DbBoardsPdsc:90 - Found 2 items
2021-03-26 18:37:38,909 [INFO] DbBoardsPdsc:90 - Found 5 items
2021-03-26 18:37:38,911 [WARN] DbBoardsPdsc:254 - Board NUCLEO-WB15CC: unknown feature type=, name=, username=Three user LEDs, n=1
2021-03-26 18:37:38,911 [WARN] DbBoardsPdsc:254 - Board NUCLEO-WB15CC: unknown feature type=, name=, username=One reset and three user push-buttons, n=1
2021-03-26 18:37:38,911 [WARN] DbBoardsPdsc:254 - Board NUCLEO-WB15CC: unknown feature type=, name=, username=Arduino Uno V3 expansion connector, n=1
2021-03-26 18:37:38,911 [WARN] DbBoardsPdsc:254 - Board NUCLEO-WB15CC: unknown feature type=, name=, username=ST morpho extension pin headers for full access to all STM32WB I/Os, n=1
2021-03-26 18:37:38,911 [WARN] DbBoardsPdsc:254 - Board NUCLEO-WB15CC: unknown feature type=, name=, username=Integrated PCB antenna and SMA connector footprint, n=1
2021-03-26 18:37:38,911 [WARN] DbBoardsPdsc:254 - Board NUCLEO-WB15CC: unknown feature type=, name=, username=Flexible power-supply options: ST-LINK, USB VBUS, or external sources, n=1
2021-03-26 18:37:38,911 [WARN] DbBoardsPdsc:254 - Board NUCLEO-WB15CC: unknown feature type=, name=, username=On-board footprint to mount a CR2032 battery socket, n=1
2021-03-26 18:37:38,911 [WARN] DbBoardsPdsc:254 - Board NUCLEO-WB15CC: unknown feature type=, name=, username=On-board ST-LINK/V2-1 debugger/programmer with USB re-enumeration capability: mass storage, Virtual COM port, and debug port, n=1
2021-03-26 18:37:38,911 [WARN] DbBoardsPdsc:254 - Board NUCLEO-WB15CC: unknown feature type=, name=, username=Comprehensive free software libraries and examples available with the STM32CubeWB MCU Package, n=1
2021-03-26 18:37:38,911 [WARN] DbBoardsPdsc:254 - Board NUCLEO-WB15CC: unknown feature type=, name=, username=Support of a wide choice of Integrated Development Environments (IDEs) including IAR Embedded Workbench, MDK-ARM, STM32CubeIDE, and Mbed Studio, n=1
2021-03-26 18:37:38,913 [WARN] DbBoardsPdsc:254 - Board STM32H7B3I-DK: unknown feature type=Audio, name=, username=Audio stereo codec with Headphone Amp (CS42L51-CNZ), n=1
2021-03-26 18:37:38,913 [WARN] DbBoardsPdsc:254 - Board STM32H735G-DK: unknown feature type=Audio, name=, username=Audio stereo codec with Headphone Amp (WM8994ECS/R), n=1
2021-03-26 18:37:38,913 [WARN] DbBoardsPdsc:254 - Board STM32WB5MM-DK: unknown feature type=, name=, username=Time-of-Flight and gesture-detection sensor, n=1
2021-03-26 18:37:38,913 [WARN] DbBoardsPdsc:254 - Board STM32WB5MM-DK: unknown feature type=, name=, username=3 push-buttons (2 users and 1 reset) and 1 touch key button, n=1
2021-03-26 18:37:38,913 [WARN] DbBoardsPdsc:254 - Board STM32WB5MM-DK: unknown feature type=, name=, username=Flexible power-supply options: ST-LINK/V2-1 USB connector, 5 V delivered by ARDUINO® or external connector, USB charger, or USB power, n=1
2021-03-26 18:37:38,913 [WARN] DbBoardsPdsc:254 - Board STM32WB5MM-DK: unknown feature type=, name=, username=On-board ST-LINK/V2-1 debugger/programmer with USB re-enumeration capability: Virtual COM port and debug port, n=1
2021-03-26 18:37:38,913 [WARN] DbBoardsPdsc:254 - Board STM32WB5MM-DK: unknown feature type=, name=, username=Comprehensive free software libraries and examples available with the STM32CubeWB MCU Package, n=1
2021-03-26 18:37:38,914 [WARN] DbBoardsPdsc:254 - Board STM32WB5MM-DK: unknown feature type=, name=, username=Support of a wide choice of Integrated Development Environments (IDEs) including IAR Embedded Workbench®, MDK-ARM, and STM32CubeIDE, n=1
2021-03-26 18:37:38,915 [WARN] DbBoardsPdsc:254 - Board STM32H7B3I-EVAL: unknown feature type=Audio, name=, username=Multi-Channel Audio Codec (CS42L51-CNZ), n=1
2021-03-26 18:37:38,915 [WARN] DbBoardsPdsc:254 - Board STM32H7B3I-EVAL: unknown feature type=Meter, name=, username=Power-metering and Temperature-monitoring with sigma-delta modulators, n=1
2021-03-26 18:37:38,915 [WARN] DbBoardsPdsc:254 - Board STM32H7B3I-EVAL: unknown feature type=Motor, name=, username=Motor Control, n=1
2021-03-26 18:37:38,929 [INFO] DbBoardsJson:87 - JSON generation date=Thu Feb 04 17:53:45 CET 2021 (1612457625)
2021-03-26 18:37:38,933 [INFO] DbBoards:117 - Found 161 boards (158 are supported by CubeMX)
2021-03-26 18:37:38,941 [INFO] DbBoardsDocs:143 - JSON generation date=Mon Feb 08 14:35:07 CET 2021 (1612791307)
2021-03-26 18:37:38,958 [INFO] DbBoardsDocs:79 - Found 193 boards documents
2021-03-26 18:37:38,958 [WARN] DbBoards:127 - board B-L462E-CELL1 has no document id list !
2021-03-26 18:37:38,958 [WARN] DbBoards:127 - board B-L475E-IOT01A2 has no document id list !
2021-03-26 18:37:38,959 [WARN] DbBoards:127 - board NUCLEO-G0B1RE has no document id list !
2021-03-26 18:37:38,959 [WARN] DbBoards:127 - board NUCLEO-H743ZI2 has no document id list !
2021-03-26 18:37:38,959 [WARN] DbBoards:127 - board NUCLEO-L4A6ZG has no document id list !
2021-03-26 18:37:38,959 [WARN] DbBoards:127 - board NUCLEO-WB15CC has no document id list !
2021-03-26 18:37:38,960 [WARN] DbBoards:127 - board NUCLEO-WB55RG has no document id list !
2021-03-26 18:37:38,960 [WARN] DbBoards:127 - board NUCLEO-WL55JC2 has no document id list !
2021-03-26 18:37:38,960 [WARN] DbBoards:127 - board P-NUCLEO-WB55-Nucleo has no document id list !
2021-03-26 18:37:38,960 [WARN] DbBoards:127 - board P-NUCLEO-WB55-USBDongle has no document id list !
2021-03-26 18:37:38,960 [WARN] DbBoards:127 - board STEVAL-BFA001V1B has no document id list !
2021-03-26 18:37:38,960 [WARN] DbBoards:127 - board STEVAL-BFA001V2B has no document id list !
2021-03-26 18:37:38,960 [WARN] DbBoards:127 - board STEVAL-IDP005V1 has no document id list !
2021-03-26 18:37:38,960 [WARN] DbBoards:127 - board STEVAL-IDP005V2 has no document id list !
2021-03-26 18:37:38,960 [WARN] DbBoards:127 - board STEVAL-MKSBOX1V1 has no document id list !
2021-03-26 18:37:38,960 [WARN] DbBoards:127 - board STEVAL-STWINKT1 has no document id list !
2021-03-26 18:37:38,960 [WARN] DbBoards:127 - board STEVAL-STWINKT1B has no document id list !
2021-03-26 18:37:38,960 [WARN] DbBoards:127 - board STM32F401C-DISCO has no document id list !
2021-03-26 18:37:38,961 [WARN] DbBoards:127 - board STM32F769I-DISC1 has no document id list !
2021-03-26 18:37:38,961 [WARN] DbBoards:127 - board STM32G0C1E-EV has no document id list !
2021-03-26 18:37:38,961 [WARN] DbBoards:127 - board STM32G474E-EVAL1 has no document id list !
2021-03-26 18:37:38,961 [WARN] DbBoards:127 - board STM32H743I-EVAL2 has no document id list !
2021-03-26 18:37:38,961 [WARN] DbBoards:127 - board STM32H747I-DISC1 has no document id list !
2021-03-26 18:37:38,962 [WARN] DbBoards:127 - board STM32H753I-EVAL2 has no document id list !
2021-03-26 18:37:38,962 [WARN] DbBoards:127 - board STM32L-DISCOVERY has no document id list !
2021-03-26 18:37:38,962 [WARN] DbBoards:127 - board STM32MP157A-DK1 has no document id list !
2021-03-26 18:37:38,962 [WARN] DbBoards:127 - board STM32MP157F-DK2 has no document id list !
2021-03-26 18:37:38,962 [WARN] DbBoards:127 - board STM32MP157F-EV1 has no document id list !
2021-03-26 18:37:38,962 [WARN] DbBoards:127 - board STM32WB5MM-DK has no document id list !
2021-03-26 18:37:40,040 [INFO] ApiDb:242 - User favorites file not found: C:\Users\jonat/.stm32cubeide/favorites.boards.txt
2021-03-26 18:37:40,040 [INFO] DbBoards:206 - Set 0 / 0 favorites Boards
2021-03-26 18:38:33,005 [INFO] DbMcusDocs:143 - JSON generation date=Mon Feb 08 14:35:07 CET 2021 (1612791307)
2021-03-26 18:38:33,182 [INFO] DbMcusDocs:79 - Found 617 MCUs documents
2021-03-26 18:39:13,890 [INFO] MainUpdater:2661 - connection check result : 10
2021-03-26 18:39:13,890 [INFO] MainUpdater:2661 - connection check result : 10
2021-03-26 18:39:13,909 [INFO] MicroXplorer:442 - Change Database Path : 
2021-03-26 18:39:13,909 [INFO] MicroXplorer:472 - Change Database Version : DB.6.0.20
2021-03-26 18:39:13,909 [WARN] ThirdParty:796 - waiting for thirdparty lock release [close project]
2021-03-26 18:39:13,909 [INFO] ThirdParty:798 - entering critical section [close project]
2021-03-26 18:39:13,909 [INFO] ThirdParty:809 - exiting critical section [close project]
2021-03-26 18:39:13,911 [INFO] PinOutPanel:1435 - setPackage(No Configuration,No Configuration)
2021-03-26 18:39:13,912 [INFO] UtilMem:74 - Begin LoadConfig() Used Memory: 654949408 Bytes (930086912)
2021-03-26 18:39:13,912 [INFO] MicroXplorer:442 - Change Database Path : 
2021-03-26 18:39:13,912 [INFO] MicroXplorer:472 - Change Database Version : DB.6.0.20
2021-03-26 18:39:13,912 [INFO] OpenFileManager:303 - Change cursor
2021-03-26 18:39:13,925 [WARN] IntegrityCheckThread:59 - waiting for thirdparty lock release [integrity check]
2021-03-26 18:39:13,925 [INFO] IntegrityCheckThread:61 - entering critical section [integrity check]
2021-03-26 18:39:13,962 [WARN] PackLoader:226 - Cannot read IP mode file for RoweBots.I-CUBE-UNISONRTOS.5.5.0-4
2021-03-26 18:39:13,972 [WARN] PackLoader:226 - Cannot read IP mode file for STMicroelectronics.X-CUBE-SFXS2LP1.3.0.0
2021-03-26 18:39:14,024 [WARN] PackLoader:226 - Cannot read IP mode file for STMicroelectronics.X-CUBE-MEMS1.8.2.0
2021-03-26 18:39:14,118 [WARN] PackLoader:226 - Cannot read IP mode file for STMicroelectronics.X-CUBE-EEPRMA1.3.0.0
2021-03-26 18:39:14,122 [WARN] PackLoader:226 - Cannot read IP mode file for STMicroelectronics.X-CUBE-NFC4.2.0.2
2021-03-26 18:39:14,125 [WARN] PackLoader:226 - Cannot read IP mode file for STMicroelectronics.X-CUBE-BLE2.3.2.0
2021-03-26 18:39:14,131 [WARN] PackLoader:226 - Cannot read IP mode file for STMicroelectronics.X-CUBE-SUBG2.4.0.0
2021-03-26 18:39:14,149 [WARN] PackLoader:226 - Cannot read IP mode file for STMicroelectronics.X-CUBE-AZRTOS-H7.1.0.0
2021-03-26 18:39:14,153 [WARN] PackLoader:226 - Cannot read IP mode file for STMicroelectronics.X-CUBE-DISPLAY.1.0.0
2021-03-26 18:39:14,155 [WARN] PackLoader:226 - Cannot read IP mode file for STMicroelectronics.X-CUBE-AI.6.0.0
2021-03-26 18:39:14,158 [WARN] PackLoader:226 - Cannot read IP mode file for STMicroelectronics.X-CUBE-ALGOBUILD.1.2.0
2021-03-26 18:39:14,160 [WARN] PackLoader:226 - Cannot read IP mode file for STMicroelectronics.X-CUBE-GNSS1.5.2.0
2021-03-26 18:39:14,163 [WARN] PackLoader:226 - Cannot read IP mode file for STMicroelectronics.X-CUBE-BLE1.6.1.0
2021-03-26 18:39:14,164 [WARN] PackLoader:226 - Cannot read IP mode file for wolfSSL.I-CUBE-wolfSSL.4.7.0
2021-03-26 18:39:14,166 [WARN] PackLoader:226 - Cannot read IP mode file for STMicroelectronics.X-CUBE-TOUCHGFX.4.16.1
2021-03-26 18:39:14,166 [INFO] ThirdParty:900 - Integrity check success = true
2021-03-26 18:39:14,166 [INFO] IntegrityCheckThread:75 - exiting critical section [integrity check]
2021-03-26 18:39:14,166 [INFO] IntegrityCheckThread:78 - End integrity checks thread
2021-03-26 18:39:15,776 [INFO] Context:587 - Trying to add GPIOservice into a context  which must be forbidden
2021-03-26 18:39:16,183 [INFO] ImportTextPane:162 - (OptionalMessage_ERROR) Unable to find key (Mcu.ThirdPartyNb) in loaded IOC file
2021-03-26 18:39:16,184 [INFO] ImportTextPane:162 - (OptionalMessage_ERROR) Unable to find key (Mcu.PinsNb) in loaded IOC file
2021-03-26 18:39:16,184 [INFO] ImportTextPane:162 - (OptionalMessage_ERROR) Unable to find key (Mcu.IPNb) in loaded IOC file
2021-03-26 18:39:16,239 [WARN] ApiManager:294 - Cannot register API 'Board Extension:S2868A1' from pack STMicroelectronics.X-CUBE-SFXS2LP1.3.0.0: no header file found
2021-03-26 18:39:16,239 [WARN] ApiManager:294 - Cannot register API 'Board Extension:S2868A2' from pack STMicroelectronics.X-CUBE-SFXS2LP1.3.0.0: no header file found
2021-03-26 18:39:16,239 [WARN] ApiManager:294 - Cannot register API 'Board Extension:S2915A1' from pack STMicroelectronics.X-CUBE-SFXS2LP1.3.0.0: no header file found
2021-03-26 18:39:16,243 [WARN] ModelIntegratedComponent:51 - No mode defined for component null
2021-03-26 18:39:16,243 [WARN] ModelIntegratedComponent:51 - No mode defined for component null
2021-03-26 18:39:16,243 [WARN] ModelIntegratedComponent:51 - No mode defined for component null
2021-03-26 18:39:16,243 [WARN] ModelIntegratedComponent:51 - No mode defined for component null
2021-03-26 18:39:16,243 [WARN] ModelIntegratedComponent:51 - No mode defined for component null
2021-03-26 18:39:16,243 [WARN] ModelIntegratedComponent:51 - No mode defined for component null
2021-03-26 18:39:16,243 [WARN] ModelIntegratedComponent:51 - No mode defined for component null
2021-03-26 18:39:16,243 [WARN] ModelIntegratedComponent:51 - No mode defined for component null
2021-03-26 18:39:16,243 [WARN] ModelIntegratedComponent:51 - No mode defined for component null
2021-03-26 18:39:16,243 [WARN] ModelIntegratedComponent:51 - No mode defined for component null
2021-03-26 18:39:16,243 [WARN] ModelIntegratedComponent:51 - No mode defined for component null
2021-03-26 18:39:16,243 [WARN] ModelIntegratedComponent:51 - No mode defined for component null
2021-03-26 18:39:16,244 [WARN] ModelIntegratedComponent:51 - No mode defined for component null
2021-03-26 18:39:16,244 [WARN] ModelIntegratedComponent:51 - No mode defined for component null
2021-03-26 18:39:16,244 [WARN] ModelIntegratedComponent:51 - No mode defined for component null
2021-03-26 18:39:16,244 [WARN] ModelIntegratedComponent:51 - No mode defined for component null
2021-03-26 18:39:16,244 [WARN] ModelIntegratedComponent:51 - No mode defined for component null
2021-03-26 18:39:16,244 [WARN] ModelIntegratedComponent:51 - No mode defined for component null
2021-03-26 18:39:16,244 [WARN] ModelIntegratedComponent:51 - No mode defined for component null
2021-03-26 18:39:16,244 [WARN] ModelIntegratedComponent:51 - No mode defined for component null
2021-03-26 18:39:16,244 [WARN] ModelIntegratedComponent:51 - No mode defined for component null
2021-03-26 18:39:16,244 [WARN] ModelIntegratedComponent:51 - No mode defined for component null
2021-03-26 18:39:16,244 [WARN] ModelIntegratedComponent:51 - No mode defined for component null
2021-03-26 18:39:16,244 [WARN] ModelIntegratedComponent:51 - No mode defined for component null
2021-03-26 18:39:16,245 [WARN] ModelIntegratedComponent:51 - No mode defined for component null
2021-03-26 18:39:16,245 [WARN] ModelIntegratedComponent:51 - No mode defined for component null
2021-03-26 18:39:16,245 [WARN] ModelIntegratedComponent:51 - No mode defined for component null
2021-03-26 18:39:16,249 [WARN] ApiManager:294 - Cannot register API 'Board Extension:S2868A1' from pack STMicroelectronics.X-CUBE-SUBG2.4.0.0: no header file found
2021-03-26 18:39:16,249 [WARN] ApiManager:294 - Cannot register API 'Board Extension:S2868A2' from pack STMicroelectronics.X-CUBE-SUBG2.4.0.0: no header file found
2021-03-26 18:39:16,249 [WARN] ApiManager:294 - Cannot register API 'Board Extension:S2915A1' from pack STMicroelectronics.X-CUBE-SUBG2.4.0.0: no header file found
2021-03-26 18:39:16,348 [WARN] ApiManager:294 - Cannot register API 'Board Extension:IKS01A3' from pack STMicroelectronics.X-CUBE-MEMS1.8.2.0: no header file found
2021-03-26 18:39:16,348 [WARN] ApiManager:294 - Cannot register API 'Board Extension:IKS01A2' from pack STMicroelectronics.X-CUBE-MEMS1.8.2.0: no header file found
2021-03-26 18:39:16,348 [WARN] ApiManager:294 - Cannot register API 'Board Extension:IKS02A1' from pack STMicroelectronics.X-CUBE-MEMS1.8.2.0: no header file found
2021-03-26 18:39:16,354 [WARN] ApiManager:294 - Cannot register API 'Board Extension:EEPRMA1' from pack STMicroelectronics.X-CUBE-EEPRMA1.3.0.0: no header file found
2021-03-26 18:39:16,354 [WARN] ApiManager:294 - Cannot register API 'Board Extension:EEPRMA2' from pack STMicroelectronics.X-CUBE-EEPRMA1.3.0.0: no header file found
2021-03-26 18:39:16,355 [INFO] RtosManager:470 - Registered RTOS mode: class=CMSIS, group=RTOS, mode=CMSIS_V1, owner=FREERTOS
2021-03-26 18:39:16,355 [INFO] RtosManager:470 - Registered RTOS mode: class=CMSIS, group=RTOS2, mode=CMSIS_V2, owner=FREERTOS
2021-03-26 18:39:16,355 [INFO] RtosManager:470 - Registered RTOS mode: class=RTOS, group=Core, mode=CMSIS_V1, owner=FREERTOS
2021-03-26 18:39:16,355 [INFO] RtosManager:470 - Registered RTOS mode: class=RTOS, group=Core, mode=CMSIS_V2, owner=FREERTOS
2021-03-26 18:39:16,356 [WARN] ModelIntegratedComponent:182 - Missing modes for component STMicroelectronics:FreeRTOS:0.0.1:STMicroelectronics:RTOS:FreeRTOS:Core:::10.2.0:
2021-03-26 18:39:16,356 [WARN] ApiManager:294 - Cannot register API 'Board Extension:GNSS1A1' from pack STMicroelectronics.X-CUBE-GNSS1.5.2.0: no header file found
2021-03-26 18:39:16,357 [WARN] ApiManager:294 - Cannot register API 'Board Support:Custom' from pack STMicroelectronics.X-CUBE-GNSS1.5.2.0: no header file found
2021-03-26 18:39:16,357 [WARN] ApiManager:294 - Cannot register API 'Data Exchange:lib_gnss' from pack STMicroelectronics.X-CUBE-GNSS1.5.2.0: no header file found
2021-03-26 18:39:16,357 [WARN] ApiManager:294 - Cannot register API 'Wireless:BlueNRG-MS' from pack STMicroelectronics.X-CUBE-BLE1.6.1.0: no header file found
2021-03-26 18:39:16,358 [WARN] ApiManager:294 - Cannot register API 'Board Extension:NFC04A1' from pack STMicroelectronics.X-CUBE-NFC4.2.0.2: no header file found
2021-03-26 18:39:16,358 [WARN] ApiManager:294 - Cannot register API 'Wireless:BlueNRG-2' from pack STMicroelectronics.X-CUBE-BLE2.3.2.0: no header file found
2021-03-26 18:39:16,784 [INFO] UtilMem:74 - End LoadConfig() Used Memory: 665790848 Bytes (930086912)
2021-03-26 18:39:16,785 [WARN] ThirdParty:762 - waiting for thirdparty lock release [change project]
2021-03-26 18:39:16,786 [INFO] ThirdParty:764 - entering critical section [change project]
2021-03-26 18:39:16,786 [INFO] ThirdParty:952 - CMSIS Pack Vendor :RoweBots I-CUBE-UNISONRTOS 5.5.0-4
2021-03-26 18:39:16,786 [INFO] ThirdParty:952 - CMSIS Pack Vendor :STMicroelectronics X-CUBE-SFXS2LP1 3.0.0
2021-03-26 18:39:16,786 [INFO] ThirdParty:952 - CMSIS Pack Vendor :STMicroelectronics USB_HOST 2.0.0
2021-03-26 18:39:16,786 [INFO] ThirdParty:952 - CMSIS Pack Vendor :STMicroelectronics USB_DEVICE 3.0.0
2021-03-26 18:39:16,786 [INFO] ThirdParty:952 - CMSIS Pack Vendor :STMicroelectronics HAL Drivers 0.0.0
2021-03-26 18:39:16,786 [INFO] ThirdParty:952 - CMSIS Pack Vendor :STMicroelectronics MBEDTLS 2.16.2
2021-03-26 18:39:16,786 [INFO] ThirdParty:952 - CMSIS Pack Vendor :STMicroelectronics MBEDTLS 2.14.1
2021-03-26 18:39:16,786 [INFO] ThirdParty:952 - CMSIS Pack Vendor :STMicroelectronics X-CUBE-SUBG2 4.0.0
2021-03-26 18:39:16,786 [INFO] ThirdParty:952 - CMSIS Pack Vendor :STMicroelectronics X-CUBE-AZRTOS-H7 1.0.0
2021-03-26 18:39:16,786 [INFO] ThirdParty:952 - CMSIS Pack Vendor :STMicroelectronics USB_DEVICE 2.0.0
2021-03-26 18:39:16,786 [INFO] ThirdParty:952 - CMSIS Pack Vendor :STMicroelectronics X-CUBE-MEMS1 8.2.0
2021-03-26 18:39:16,786 [INFO] ThirdParty:952 - CMSIS Pack Vendor :STMicroelectronics X-CUBE-EEPRMA1 3.0.0
2021-03-26 18:39:16,786 [INFO] ThirdParty:952 - CMSIS Pack Vendor :STMicroelectronics X-CUBE-DISPLAY 1.0.0
2021-03-26 18:39:16,786 [INFO] ThirdParty:952 - CMSIS Pack Vendor :STMicroelectronics FreeRTOS 0.0.1
2021-03-26 18:39:16,786 [INFO] ThirdParty:952 - CMSIS Pack Vendor :STMicroelectronics USB_DEVICE 1.0.0
2021-03-26 18:39:16,786 [INFO] ThirdParty:952 - CMSIS Pack Vendor :STMicroelectronics X-CUBE-AI 6.0.0
2021-03-26 18:39:16,787 [INFO] ThirdParty:952 - CMSIS Pack Vendor :STMicroelectronics X-CUBE-ALGOBUILD 1.2.0
2021-03-26 18:39:16,787 [INFO] ThirdParty:952 - CMSIS Pack Vendor :STMicroelectronics X-CUBE-GNSS1 5.2.0
2021-03-26 18:39:16,787 [INFO] ThirdParty:952 - CMSIS Pack Vendor :STMicroelectronics X-CUBE-BLE1 6.1.0
2021-03-26 18:39:16,787 [INFO] ThirdParty:952 - CMSIS Pack Vendor :STMicroelectronics lwIP 2.0.3
2021-03-26 18:39:16,787 [INFO] ThirdParty:952 - CMSIS Pack Vendor :STMicroelectronics lwIP 2.1.2
2021-03-26 18:39:16,787 [INFO] ThirdParty:952 - CMSIS Pack Vendor :STMicroelectronics USB_HOST 1.0.0
2021-03-26 18:39:16,787 [INFO] ThirdParty:952 - CMSIS Pack Vendor :STMicroelectronics X-CUBE-NFC4 2.0.2
2021-03-26 18:39:16,787 [INFO] ThirdParty:952 - CMSIS Pack Vendor :wolfSSL I-CUBE-wolfSSL 4.7.0
2021-03-26 18:39:16,787 [INFO] ThirdParty:952 - CMSIS Pack Vendor :STMicroelectronics X-CUBE-TOUCHGFX 4.16.1
2021-03-26 18:39:16,787 [INFO] ThirdParty:952 - CMSIS Pack Vendor :STMicroelectronics PDM2PCM 3.1.0
2021-03-26 18:39:16,787 [INFO] ThirdParty:952 - CMSIS Pack Vendor :STMicroelectronics PDM2PCM 3.2.0
2021-03-26 18:39:16,787 [INFO] ThirdParty:952 - CMSIS Pack Vendor :STMicroelectronics PDM2PCM 3.3.0
2021-03-26 18:39:16,787 [INFO] ThirdParty:952 - CMSIS Pack Vendor :STMicroelectronics X-CUBE-BLE2 3.2.0
2021-03-26 18:39:16,787 [INFO] ThirdParty:770 - exiting critical section [change project]
2021-03-26 18:39:17,104 [INFO] PinOutPanel:1435 - setPackage(No Configuration,No Configuration)
2021-03-26 18:39:17,105 [INFO] PinOutPanel:1435 - setPackage(STM32L476RGTx,LQFP64)
2021-03-26 18:39:17,455 [INFO] UtilMem:74 - Before build in PCC Used Memory: 498981456 Bytes (930086912)
2021-03-26 18:39:17,745 [INFO] SharedServices:72 - Folder for power plug-in: C:/Users/jonat/.stm32cubemx/plugins/power
2021-03-26 18:39:17,769 [INFO] SharedServices:72 - Folder for power plug-in: C:/Users/jonat/.stm32cubemx/plugins/power
2021-03-26 18:39:17,814 [INFO] SharedServices:72 - Folder for power plug-in: C:/Users/jonat/.stm32cubemx/plugins/power
2021-03-26 18:39:17,821 [INFO] SharedServices:72 - Folder for power plug-in: C:/Users/jonat/.stm32cubemx/plugins/power
2021-03-26 18:39:17,928 [INFO] UtilMem:74 - After build in PCC Used Memory: 611819720 Bytes (930086912)
2021-03-26 18:39:17,944 [INFO] IPUIPlugin:64 - create IPUIPlugin
2021-03-26 18:39:17,944 [INFO] IPUIPlugin:64 - create IPUIPlugin
2021-03-26 18:39:17,944 [INFO] IPUIPlugin:64 - create IPUIPlugin
2021-03-26 18:39:17,945 [INFO] IPUIPlugin:64 - create IPUIPlugin
2021-03-26 18:39:17,945 [INFO] IPUIPlugin:64 - create IPUIPlugin
2021-03-26 18:39:17,945 [INFO] IPUIPlugin:64 - create IPUIPlugin
2021-03-26 18:39:17,945 [INFO] IPUIPlugin:64 - create IPUIPlugin
2021-03-26 18:39:17,945 [INFO] IPUIPlugin:64 - create IPUIPlugin
2021-03-26 18:39:17,945 [INFO] IPUIPlugin:64 - create IPUIPlugin
2021-03-26 18:39:17,945 [INFO] IPUIPlugin:64 - create IPUIPlugin
2021-03-26 18:39:17,945 [INFO] IPUIPlugin:64 - create IPUIPlugin
2021-03-26 18:39:17,946 [INFO] IPUIPlugin:64 - create IPUIPlugin
2021-03-26 18:39:17,946 [INFO] IPUIPlugin:64 - create IPUIPlugin
2021-03-26 18:39:17,946 [INFO] IPUIPlugin:64 - create IPUIPlugin
2021-03-26 18:39:17,946 [INFO] IPUIPlugin:64 - create IPUIPlugin
2021-03-26 18:39:17,946 [INFO] IPUIPlugin:64 - create IPUIPlugin
2021-03-26 18:39:17,946 [INFO] IPUIPlugin:64 - create IPUIPlugin
2021-03-26 18:39:17,947 [INFO] IPUIPlugin:64 - create IPUIPlugin
2021-03-26 18:39:17,947 [INFO] IPUIPlugin:64 - create IPUIPlugin
2021-03-26 18:39:17,947 [INFO] IPUIPlugin:64 - create IPUIPlugin
2021-03-26 18:39:17,947 [INFO] IPUIPlugin:64 - create IPUIPlugin
2021-03-26 18:39:17,948 [INFO] IPUIPlugin:64 - create IPUIPlugin
2021-03-26 18:39:17,948 [INFO] IPUIPlugin:64 - create IPUIPlugin
2021-03-26 18:39:17,948 [INFO] IPUIPlugin:64 - create IPUIPlugin
2021-03-26 18:39:17,948 [INFO] IPUIPlugin:64 - create IPUIPlugin
2021-03-26 18:39:17,948 [INFO] IPUIPlugin:64 - create IPUIPlugin
2021-03-26 18:39:17,949 [INFO] IPUIPlugin:64 - create IPUIPlugin
2021-03-26 18:39:17,949 [INFO] IPUIPlugin:64 - create IPUIPlugin
2021-03-26 18:39:17,949 [INFO] IPUIPlugin:64 - create IPUIPlugin
2021-03-26 18:39:17,950 [INFO] IPUIPlugin:64 - create IPUIPlugin
2021-03-26 18:39:17,950 [INFO] IPUIPlugin:64 - create IPUIPlugin
2021-03-26 18:39:17,950 [INFO] IPUIPlugin:64 - create IPUIPlugin
2021-03-26 18:39:17,951 [INFO] IPUIPlugin:64 - create IPUIPlugin
2021-03-26 18:39:17,951 [INFO] IPUIPlugin:64 - create IPUIPlugin
2021-03-26 18:39:17,951 [INFO] IPUIPlugin:64 - create IPUIPlugin
2021-03-26 18:39:17,952 [INFO] IPUIPlugin:64 - create IPUIPlugin
2021-03-26 18:39:17,952 [INFO] IPUIPlugin:64 - create IPUIPlugin
2021-03-26 18:39:17,952 [INFO] IPUIPlugin:64 - create IPUIPlugin
2021-03-26 18:39:17,953 [INFO] IPUIPlugin:64 - create IPUIPlugin
2021-03-26 18:39:17,953 [INFO] IPUIPlugin:64 - create IPUIPlugin
2021-03-26 18:39:17,953 [INFO] IPUIPlugin:64 - create IPUIPlugin
2021-03-26 18:39:17,954 [INFO] IPUIPlugin:64 - create IPUIPlugin
2021-03-26 18:39:17,954 [INFO] IPUIPlugin:64 - create IPUIPlugin
2021-03-26 18:39:17,954 [INFO] IPUIPlugin:64 - create IPUIPlugin
2021-03-26 18:39:17,955 [INFO] IPUIPlugin:64 - create IPUIPlugin
2021-03-26 18:39:17,955 [INFO] IPUIPlugin:64 - create IPUIPlugin
2021-03-26 18:39:17,955 [INFO] IPUIPlugin:64 - create IPUIPlugin
2021-03-26 18:39:17,956 [INFO] IPUIPlugin:64 - create IPUIPlugin
2021-03-26 18:39:17,956 [INFO] IPUIPlugin:64 - create IPUIPlugin
2021-03-26 18:39:17,957 [INFO] IPUIPlugin:64 - create IPUIPlugin
2021-03-26 18:39:17,957 [INFO] IPUIPlugin:64 - create IPUIPlugin
2021-03-26 18:39:17,957 [INFO] IPUIPlugin:64 - create IPUIPlugin
2021-03-26 18:39:17,958 [INFO] IPUIPlugin:64 - create IPUIPlugin
2021-03-26 18:39:17,958 [INFO] IPUIPlugin:64 - create IPUIPlugin
2021-03-26 18:39:17,959 [INFO] IPUIPlugin:64 - create IPUIPlugin
2021-03-26 18:39:17,959 [INFO] IPUIPlugin:64 - create IPUIPlugin
2021-03-26 18:39:17,960 [INFO] IPUIPlugin:64 - create IPUIPlugin
2021-03-26 18:39:17,961 [INFO] IPUIPlugin:64 - create IPUIPlugin
2021-03-26 18:39:17,961 [INFO] IPUIPlugin:64 - create IPUIPlugin
2021-03-26 18:39:17,975 [INFO] LogOutputStream:76 - [STDOUT_REDIRECT] toolchainItems.length=====1
2021-03-26 18:39:18,035 [INFO] OpenFileManager:323 - Restore cursor
2021-03-26 18:39:18,226 [INFO] UtilMem:74 - End SaveConfig() Used Memory: 698851528 Bytes (930086912)
2021-03-26 18:39:18,324 [INFO] ServerAccessManage:348 - Download File stm32cube_fw_l4_v1170.zip
2021-03-26 18:40:14,690 [INFO] FileExtend:225 - Unzip File : stm32cube_fw_l4_v1170.zip
2021-03-26 18:40:14,690 [INFO] FileExtend:240 - Standard Zip Deflate
2021-03-26 18:42:05,437 [INFO] LoadServerPackagesThread:169 - End of LoadServerPackages Thread
2021-03-26 18:42:05,492 [INFO] UtilMem:74 - End SaveConfig() Used Memory: 716975368 Bytes (1073741824)
2021-03-26 18:42:05,613 [INFO] CheckServerUpdateThread:102 - End of CheckServer Thread
2021-03-26 18:42:05,728 [INFO] BlockDiagram:2735 - set Specific Code input for plugin: SYS
2021-03-26 18:42:05,728 [INFO] BlockDiagram:2735 - set Specific Code input for plugin: RCC
2021-03-26 18:42:05,728 [INFO] BlockDiagram:2735 - set Specific Code input for plugin: NVIC
2021-03-26 18:42:05,731 [INFO] CodeGenerator:641 - code generatio: config db path: C:\ST\STM32CubeIDE_1.6.0\STM32CubeIDE\plugins\com.st.stm32cube.common.mx_6.2.0.202102191602\\db\
2021-03-26 18:42:06,309 [INFO] CodeEngine:229 - oldGeneratedFile, G:\embedded\stm\OEM\MXTmpFiles\license.tmp_save
2021-03-26 18:42:06,664 [INFO] CodeEngine:247 - Generated code: G:\embedded\stm\OEM\MXTmpFiles\license.tmp
2021-03-26 18:42:06,793 [INFO] CodeEngine:229 - oldGeneratedFile, G:\embedded\stm\OEM\Core\Src\stm32l4xx_it.c_save
2021-03-26 18:42:06,888 [INFO] CodeEngine:247 - Generated code: G:\embedded\stm\OEM\Core\Src\stm32l4xx_it.c
2021-03-26 18:42:06,898 [INFO] CodeEngine:229 - oldGeneratedFile, G:\embedded\stm\OEM\Core\Inc\stm32l4xx_it.h_save
2021-03-26 18:42:06,956 [INFO] CodeEngine:247 - Generated code: G:\embedded\stm\OEM\Core\Inc\stm32l4xx_it.h
2021-03-26 18:42:06,994 [INFO] CodeEngine:229 - oldGeneratedFile, G:\embedded\stm\OEM\Core\Src\stm32l4xx_hal_msp.c_save
2021-03-26 18:42:07,109 [INFO] CodeEngine:247 - Generated code: G:\embedded\stm\OEM\Core\Src\stm32l4xx_hal_msp.c
2021-03-26 18:42:07,118 [INFO] CodeEngine:229 - oldGeneratedFile, G:\embedded\stm\OEM\MXTmpFiles\system.tmp_save
2021-03-26 18:42:07,289 [INFO] CodeEngine:247 - Generated code: G:\embedded\stm\OEM\MXTmpFiles\system.tmp
2021-03-26 18:42:07,325 [INFO] CodeEngine:229 - oldGeneratedFile, G:\embedded\stm\OEM\Core\Inc\stm32l4xx_hal_conf.h_save
2021-03-26 18:42:07,391 [INFO] CodeEngine:247 - Generated code: G:\embedded\stm\OEM\Core\Inc\stm32l4xx_hal_conf.h
2021-03-26 18:42:07,464 [INFO] CodeEngine:229 - oldGeneratedFile, G:\embedded\stm\OEM\Core\Inc\main.h_save
2021-03-26 18:42:07,527 [INFO] CodeEngine:247 - Generated code: G:\embedded\stm\OEM\Core\Inc\main.h
2021-03-26 18:42:07,539 [INFO] CodeEngine:229 - oldGeneratedFile, G:\embedded\stm\OEM\Core\Src\main.c_save
2021-03-26 18:42:07,626 [INFO] CodeEngine:247 - Generated code: G:\embedded\stm\OEM\Core\Src\main.c
2021-03-26 18:42:08,527 [INFO] ProjectBuilder:2460 - Time for Copy HAL[1] : 338mS.
2021-03-26 18:42:08,534 [INFO] ProjectBuilder:3418 - Project Generator version: 3.13.0-B3
2021-03-26 18:42:08,844 [INFO] ConfigFileManager:1242 - The Die is : DIE415
2021-03-26 18:42:08,856 [INFO] ApiDbMcu:458 - Load IP Config File for FATFS
2021-03-26 18:42:08,878 [INFO] ApiDbMcu:458 - Load IP Config File for FREERTOS
2021-03-26 18:42:08,977 [INFO] ApiDbMcu:458 - Load IP Config File for TOUCHSENSING
2021-03-26 18:42:08,992 [INFO] ApiDbMcu:458 - Load IP Config File for USB_DEVICE
2021-03-26 18:42:09,001 [INFO] ApiDbMcu:458 - Load IP Config File for USB_HOST
2021-03-26 18:42:12,347 [INFO] ProjectBuilder:3584 - Time for Generating toolchain IDE Files: 3813mS.
2021-03-26 18:42:12,350 [INFO] ProjectBuilder:2339 - Time for Copy CMSIS : 3mS.
2021-03-26 18:42:12,351 [INFO] ProjectBuilder:2339 - Time for Copy CMSIS : 0mS.
2021-03-26 18:42:12,802 [INFO] ApiDb:276 - Save user favorites file C:\Users\jonat/.stm32cubeide/favorites.mcus.txt: 0 item(s)
2021-03-26 18:42:12,803 [INFO] ApiDb:280 - User favorites MCUs=[]
2021-03-26 20:35:52,489 [INFO] UtilMem:74 - End SaveConfig() Used Memory: 333269248 Bytes (1073741824)
2021-03-26 20:35:52,720 [INFO] BlockDiagram:2735 - set Specific Code input for plugin: SYS
2021-03-26 20:35:52,721 [INFO] BlockDiagram:2735 - set Specific Code input for plugin: RCC
2021-03-26 20:35:52,721 [INFO] BlockDiagram:2735 - set Specific Code input for plugin: NVIC
2021-03-26 20:35:52,723 [INFO] CodeGenerator:641 - code generatio: config db path: C:\ST\STM32CubeIDE_1.6.0\STM32CubeIDE\plugins\com.st.stm32cube.common.mx_6.2.0.202102191602\\db\
2021-03-26 20:35:53,012 [INFO] CodeEngine:229 - oldGeneratedFile, G:\embedded\stm\OEM\MXTmpFiles\license.tmp_save
2021-03-26 20:35:53,216 [INFO] CodeEngine:247 - Generated code: G:\embedded\stm\OEM\MXTmpFiles\license.tmp
2021-03-26 20:35:53,320 [INFO] CodeEngine:229 - oldGeneratedFile, G:\embedded\stm\OEM\Core\Src\stm32l4xx_it.c_save
2021-03-26 20:35:53,408 [INFO] CodeEngine:247 - Generated code: G:\embedded\stm\OEM\Core\Src\stm32l4xx_it.c
2021-03-26 20:35:53,425 [INFO] CodeEngine:229 - oldGeneratedFile, G:\embedded\stm\OEM\Core\Inc\stm32l4xx_it.h_save
2021-03-26 20:35:53,492 [INFO] CodeEngine:247 - Generated code: G:\embedded\stm\OEM\Core\Inc\stm32l4xx_it.h
2021-03-26 20:35:53,544 [INFO] CodeEngine:229 - oldGeneratedFile, G:\embedded\stm\OEM\Core\Src\stm32l4xx_hal_msp.c_save
2021-03-26 20:35:53,627 [INFO] CodeEngine:247 - Generated code: G:\embedded\stm\OEM\Core\Src\stm32l4xx_hal_msp.c
2021-03-26 20:35:53,641 [INFO] CodeEngine:229 - oldGeneratedFile, G:\embedded\stm\OEM\MXTmpFiles\system.tmp_save
2021-03-26 20:35:53,831 [INFO] CodeEngine:247 - Generated code: G:\embedded\stm\OEM\MXTmpFiles\system.tmp
2021-03-26 20:35:53,874 [INFO] CodeEngine:229 - oldGeneratedFile, G:\embedded\stm\OEM\Core\Inc\stm32l4xx_hal_conf.h_save
2021-03-26 20:35:53,956 [INFO] CodeEngine:247 - Generated code: G:\embedded\stm\OEM\Core\Inc\stm32l4xx_hal_conf.h
2021-03-26 20:35:54,038 [INFO] CodeEngine:229 - oldGeneratedFile, G:\embedded\stm\OEM\Core\Inc\main.h_save
2021-03-26 20:35:54,105 [INFO] CodeEngine:247 - Generated code: G:\embedded\stm\OEM\Core\Inc\main.h
2021-03-26 20:35:54,131 [INFO] CodeEngine:229 - oldGeneratedFile, G:\embedded\stm\OEM\Core\Src\main.c_save
2021-03-26 20:35:54,220 [INFO] CodeEngine:247 - Generated code: G:\embedded\stm\OEM\Core\Src\main.c
2021-03-26 20:35:55,485 [INFO] ProjectBuilder:2460 - Time for Copy HAL[1] : 687mS.
2021-03-26 20:35:55,487 [INFO] ProjectBuilder:3418 - Project Generator version: 3.13.0-B3
2021-03-26 20:35:55,720 [INFO] ConfigFileManager:1242 - The Die is : DIE415
2021-03-26 20:35:57,429 [INFO] ProjectBuilder:3584 - Time for Generating toolchain IDE Files: 1942mS.
2021-03-26 20:35:57,431 [INFO] ProjectBuilder:2339 - Time for Copy CMSIS : 2mS.
2021-03-26 20:35:57,432 [INFO] ProjectBuilder:2339 - Time for Copy CMSIS : 0mS.
2021-03-29 17:36:55,985 [INFO] Activator:170 - 


2021-03-29 17:36:55,987 [INFO] Activator:171 - !SESSION log4j initialized
